Vivado Simulator 2020.2
Copyright 1986-1999, 2001-2020 Xilinx, Inc. All Rights Reserved.
Running: C:/Xilinx/Vivado/2020.2/bin/unwrapped/win64.o/xelab.exe -wto aea04966c7be4316bdb89f2361efe3f8 --incr --debug typical --relax --mt 2 --maxdelay -L xil_defaultlib -L simprims_ver -L secureip --snapshot tb_time_impl -transport_int_delays -pulse_r 0 -pulse_int_r 0 -pulse_e 0 -pulse_int_e 0 xil_defaultlib.tb xil_defaultlib.glbl -log elaborate.log 
Using 2 slave threads.
Starting static elaboration
Pass Through NonSizing Optimizer
Completed static elaboration
Starting simulation data flow analysis
Completed simulation data flow analysis
INFO: [XSIM 43-3451] SDF backannotation process started with SDF file "tb_time_impl.sdf", for root module "tb/p1".
INFO: [XSIM 43-3452] SDF backannotation was successful for SDF file "tb_time_impl.sdf", for root module "tb/p1".
Time Resolution for simulation is 1ps
Compiling package std.standard
Compiling package std.textio
Compiling package ieee.std_logic_1164
Compiling package vl.vl_types
Compiling module xil_defaultlib.glbl
Compiling module simprims_ver.OBUFT
Compiling module simprims_ver.FDRE_default
Compiling module simprims_ver.OBUF
Compiling module simprims_ver.BUFG
Compiling module simprims_ver.IBUF
Compiling module simprims_ver.CARRY4
Compiling module simprims_ver.LUT4
Compiling module simprims_ver.LUT5
Compiling module simprims_ver.x_lut1_mux2
Compiling module simprims_ver.LUT1
Compiling module simprims_ver.LUT6
Compiling module xil_defaultlib.mic
Compiling module simprims_ver.MMCME2_ADV(CLKFBOUT_MULT_F=57.5,...
Compiling module xil_defaultlib.clk_wiz_0_clk_wiz_0_clk_wiz
Compiling module xil_defaultlib.clk_wiz_0
Compiling module simprims_ver.x_lut2_mux4
Compiling module simprims_ver.LUT2
Compiling module xil_defaultlib.ImgCtrl
Compiling module simprims_ver.x_lut3_mux8
Compiling module simprims_ver.LUT3
Compiling module xil_defaultlib.VGA
Compiling module xil_defaultlib.progettoRL
Compiling architecture behavioral of entity xil_defaultlib.tb
Built simulation snapshot tb_time_impl
