#-----------------------------------------------------------
# Vivado v2020.2 (64-bit)
# SW Build 3064766 on Wed Nov 18 09:12:45 MST 2020
# IP Build 3064653 on Wed Nov 18 14:17:31 MST 2020
# Start of session at: Thu Mar 31 16:56:59 2022
# Process ID: 21644
# Current directory: C:/Users/pewfo/Desktop/RL/completo
# Command line: vivado.exe -gui_launcher_event rodinguilauncherevent18144 C:\Users\pewfo\Desktop\RL\completo\oraLavoroSuQuesto.xpr
# Log file: C:/Users/pewfo/Desktop/RL/completo/vivado.log
# Journal file: C:/Users/pewfo/Desktop/RL/completo\vivado.jou
#-----------------------------------------------------------
start_gui
open_project C:/Users/pewfo/Desktop/RL/completo/oraLavoroSuQuesto.xpr
Scanning sources...
Finished scanning sources
INFO: [IP_Flow 19-234] Refreshing IP repositories
INFO: [IP_Flow 19-1704] No user IP repositories specified
INFO: [IP_Flow 19-2313] Loaded Vivado IP repository 'C:/Xilinx/Vivado/2020.2/data/ip'.
open_project: Time (s): cpu = 00:00:53 ; elapsed = 00:00:30 . Memory (MB): peak = 998.281 ; gain = 0.000
update_compile_order -fileset sources_1
