#-----------------------------------------------------------
# Vivado v2020.2 (64-bit)
# SW Build 3064766 on Wed Nov 18 09:12:45 MST 2020
# IP Build 3064653 on Wed Nov 18 14:17:31 MST 2020
# Start of session at: Wed Feb  9 15:31:42 2022
# Process ID: 11292
# Current directory: C:/Users/pewfo/Desktop/RL/oraLavoroSuQuesto
# Command line: vivado.exe -gui_launcher_event rodinguilauncherevent27212 C:\Users\pewfo\Desktop\RL\oraLavoroSuQuesto\oraLavoroSuQuesto.xpr
# Log file: C:/Users/pewfo/Desktop/RL/oraLavoroSuQuesto/vivado.log
# Journal file: C:/Users/pewfo/Desktop/RL/oraLavoroSuQuesto\vivado.jou
#-----------------------------------------------------------
start_gui
open_project C:/Users/pewfo/Desktop/RL/oraLavoroSuQuesto/oraLavoroSuQuesto.xpr
Scanning sources...
Finished scanning sources
INFO: [IP_Flow 19-234] Refreshing IP repositories
INFO: [IP_Flow 19-1704] No user IP repositories specified
INFO: [IP_Flow 19-2313] Loaded Vivado IP repository 'C:/Xilinx/Vivado/2020.2/data/ip'.
open_project: Time (s): cpu = 00:00:27 ; elapsed = 00:00:15 . Memory (MB): peak = 1007.820 ; gain = 0.000
update_compile_order -fileset sources_1
reset_run synth_1
launch_runs synth_1 -jobs 4
[Wed Feb  9 15:33:32 2022] Launched synth_1...
Run output will be captured here: C:/Users/pewfo/Desktop/RL/oraLavoroSuQuesto/oraLavoroSuQuesto.runs/synth_1/runme.log
open_hw_manager
connect_hw_server -allow_non_jtag
INFO: [Labtools 27-2285] Connecting to hw_server url TCP:localhost:3121
INFO: [Labtools 27-2222] Launching hw_server...
INFO: [Labtools 27-2221] Launch Output:

****** Xilinx hw_server v2020.2
  **** Build date : Nov 18 2020 at 10:01:48
    ** Copyright 1986-2020 Xilinx, Inc. All Rights Reserved.


INFO: [Labtools 27-3415] Connecting to cs_server url TCP:localhost:3042
INFO: [Labtools 27-3417] Launching cs_server...
INFO: [Labtools 27-2221] Launch Output:


******** Xilinx cs_server v2020.2
  ****** Build date   : Nov 03 2020-22:02:56
    **** Build number : 2020.2.1604437376
      ** Copyright 2017-2020 Xilinx, Inc. All Rights Reserved.



connect_hw_server: Time (s): cpu = 00:00:03 ; elapsed = 00:00:18 . Memory (MB): peak = 1007.457 ; gain = 0.000
open_hw_target
INFO: [Labtoolstcl 44-466] Opening hw_target localhost:3121/xilinx_tcf/Digilent/210292696910A
open_hw_target: Time (s): cpu = 00:00:12 ; elapsed = 00:00:12 . Memory (MB): peak = 2324.344 ; gain = 1316.887
current_hw_device [get_hw_devices xc7a100t_0]
refresh_hw_device -update_hw_probes false [lindex [get_hw_devices xc7a100t_0] 0]
INFO: [Labtools 27-1435] Device xc7a100t (JTAG device index = 0) is not programmed (DONE status = 0).
launch_runs impl_1 -jobs 4
[Wed Feb  9 15:35:46 2022] Launched impl_1...
Run output will be captured here: C:/Users/pewfo/Desktop/RL/oraLavoroSuQuesto/oraLavoroSuQuesto.runs/impl_1/runme.log
launch_runs impl_1 -to_step write_bitstream -jobs 4
[Wed Feb  9 15:38:13 2022] Launched impl_1...
Run output will be captured here: C:/Users/pewfo/Desktop/RL/oraLavoroSuQuesto/oraLavoroSuQuesto.runs/impl_1/runme.log
set_property PROBES.FILE {} [get_hw_devices xc7a100t_0]
set_property FULL_PROBES.FILE {} [get_hw_devices xc7a100t_0]
set_property PROGRAM.FILE {C:/Users/pewfo/Desktop/RL/oraLavoroSuQuesto/oraLavoroSuQuesto.runs/impl_1/progettoRL.bit} [get_hw_devices xc7a100t_0]
program_hw_devices [get_hw_devices xc7a100t_0]
INFO: [Labtools 27-3164] End of startup status: HIGH
refresh_hw_device [lindex [get_hw_devices xc7a100t_0] 0]
INFO: [Labtools 27-1434] Device xc7a100t (JTAG device index = 0) is programmed with a design that has no supported debug core(s) in it.
reset_run synth_1
launch_runs synth_1 -jobs 4
[Wed Feb  9 16:04:16 2022] Launched synth_1...
Run output will be captured here: C:/Users/pewfo/Desktop/RL/oraLavoroSuQuesto/oraLavoroSuQuesto.runs/synth_1/runme.log
launch_runs impl_1 -jobs 4
[Wed Feb  9 16:05:52 2022] Launched impl_1...
Run output will be captured here: C:/Users/pewfo/Desktop/RL/oraLavoroSuQuesto/oraLavoroSuQuesto.runs/impl_1/runme.log
open_run impl_1
INFO: [Device 21-403] Loading part xc7a100tcsg324-1
INFO: [Common 17-41] Interrupt caught. Command should exit soon.
Netlist sorting complete. Time (s): cpu = 00:00:00 ; elapsed = 00:00:00.016 . Memory (MB): peak = 2694.883 ; gain = 0.000
INFO: [Netlist 29-17] Analyzing 96 Unisim elements for replacement
INFO: [Netlist 29-28] Unisim Transformation completed in 0 CPU seconds
INFO: [Project 1-479] Netlist was created with Vivado 2020.2
open_run: Time (s): cpu = 00:00:20 ; elapsed = 00:00:24 . Memory (MB): peak = 2697.207 ; gain = 294.176
INFO: [Common 17-344] 'open_run' was cancelled
launch_runs impl_1 -to_step write_bitstream -jobs 4
[Wed Feb  9 16:08:50 2022] Launched impl_1...
Run output will be captured here: C:/Users/pewfo/Desktop/RL/oraLavoroSuQuesto/oraLavoroSuQuesto.runs/impl_1/runme.log
set_property PROBES.FILE {} [get_hw_devices xc7a100t_0]
set_property FULL_PROBES.FILE {} [get_hw_devices xc7a100t_0]
set_property PROGRAM.FILE {C:/Users/pewfo/Desktop/RL/oraLavoroSuQuesto/oraLavoroSuQuesto.runs/impl_1/progettoRL.bit} [get_hw_devices xc7a100t_0]
program_hw_devices [get_hw_devices xc7a100t_0]
INFO: [Labtools 27-3164] End of startup status: HIGH
refresh_hw_device [lindex [get_hw_devices xc7a100t_0] 0]
INFO: [Labtools 27-1434] Device xc7a100t (JTAG device index = 0) is programmed with a design that has no supported debug core(s) in it.
reset_run synth_1
launch_runs synth_1 -jobs 4
[Wed Feb  9 16:23:34 2022] Launched synth_1...
Run output will be captured here: C:/Users/pewfo/Desktop/RL/oraLavoroSuQuesto/oraLavoroSuQuesto.runs/synth_1/runme.log
launch_runs impl_1 -jobs 4
[Wed Feb  9 16:33:32 2022] Launched impl_1...
Run output will be captured here: C:/Users/pewfo/Desktop/RL/oraLavoroSuQuesto/oraLavoroSuQuesto.runs/impl_1/runme.log
launch_runs impl_1 -to_step write_bitstream -jobs 4
[Wed Feb  9 16:40:40 2022] Launched impl_1...
Run output will be captured here: C:/Users/pewfo/Desktop/RL/oraLavoroSuQuesto/oraLavoroSuQuesto.runs/impl_1/runme.log
set_property PROBES.FILE {} [get_hw_devices xc7a100t_0]
set_property FULL_PROBES.FILE {} [get_hw_devices xc7a100t_0]
set_property PROGRAM.FILE {C:/Users/pewfo/Desktop/RL/oraLavoroSuQuesto/oraLavoroSuQuesto.runs/impl_1/progettoRL.bit} [get_hw_devices xc7a100t_0]
program_hw_devices [get_hw_devices xc7a100t_0]
INFO: [Labtools 27-3164] End of startup status: HIGH
refresh_hw_device [lindex [get_hw_devices xc7a100t_0] 0]
INFO: [Labtools 27-1434] Device xc7a100t (JTAG device index = 0) is programmed with a design that has no supported debug core(s) in it.
reset_run synth_1
launch_runs synth_1 -jobs 4
[Wed Feb  9 17:27:45 2022] Launched synth_1...
Run output will be captured here: C:/Users/pewfo/Desktop/RL/oraLavoroSuQuesto/oraLavoroSuQuesto.runs/synth_1/runme.log
launch_runs impl_1 -jobs 4
[Wed Feb  9 17:29:42 2022] Launched impl_1...
Run output will be captured here: C:/Users/pewfo/Desktop/RL/oraLavoroSuQuesto/oraLavoroSuQuesto.runs/impl_1/runme.log
launch_runs impl_1 -to_step write_bitstream -jobs 4
[Wed Feb  9 17:31:51 2022] Launched impl_1...
Run output will be captured here: C:/Users/pewfo/Desktop/RL/oraLavoroSuQuesto/oraLavoroSuQuesto.runs/impl_1/runme.log
set_property PROBES.FILE {} [get_hw_devices xc7a100t_0]
set_property FULL_PROBES.FILE {} [get_hw_devices xc7a100t_0]
set_property PROGRAM.FILE {C:/Users/pewfo/Desktop/RL/oraLavoroSuQuesto/oraLavoroSuQuesto.runs/impl_1/progettoRL.bit} [get_hw_devices xc7a100t_0]
program_hw_devices [get_hw_devices xc7a100t_0]
INFO: [Labtools 27-3164] End of startup status: HIGH
refresh_hw_device [lindex [get_hw_devices xc7a100t_0] 0]
INFO: [Labtools 27-1434] Device xc7a100t (JTAG device index = 0) is programmed with a design that has no supported debug core(s) in it.
exit
INFO: [Common 17-206] Exiting Vivado at Wed Feb  9 18:10:15 2022...
